<?xml version="1.0" encoding="UTF-8"?>
<!-- Generated by org.testng.reporters.JUnitReportReporter -->
<testsuite hostname="LAPTOP-9KSIAF9N" failures="0" tests="2" name="Pack.Ps1" time="0.016" errors="0" timestamp="2023-11-19T22:33:44 GMT" skipped="0">
  <testcase classname="Pack.Ps1" name="test" time="0.004"/>
  <system-out/>
  <testcase classname="Pack.Ps1" name="testrun" time="0.012"/>
  <system-out/>
</testsuite> <!-- Pack.Ps1 -->
