<?xml version="1.0" encoding="UTF-8"?>
<!-- Generated by org.testng.reporters.JUnitReportReporter -->
<testsuite hostname="LAPTOP-9KSIAF9N" failures="0" tests="1" name="Pack.Ps" time="0.012" errors="0" timestamp="2023-11-19T12:13:53 GMT" skipped="0">
  <testcase classname="Pack.Ps" name="testrun" time="0.012"/>
  <system-out/>
</testsuite> <!-- Pack.Ps -->
