<?xml version="1.0" encoding="UTF-8"?>
<!-- Generated by org.testng.reporters.JUnitReportReporter -->
<testsuite hostname="LAPTOP-9KSIAF9N" failures="0" tests="3" name="testNG.Data_provider" time="0.012" errors="0" timestamp="2023-11-18T13:04:35 GMT" skipped="0">
  <testcase classname="testNG.Data_provider" name="login" time="0.001"/>
  <system-out/>
  <testcase classname="testNG.Data_provider" name="login" time="0.009"/>
  <system-out/>
  <testcase classname="testNG.Data_provider" name="login" time="0.002"/>
  <system-out/>
</testsuite> <!-- testNG.Data_provider -->
