<?xml version="1.0" encoding="UTF-8"?>
<!-- Generated by org.testng.reporters.JUnitReportReporter -->
<testsuite hostname="LAPTOP-9KSIAF9N" failures="0" tests="2" name="testNG.demo1" time="0.003" errors="0" timestamp="2023-11-18T23:19:49 GMT" skipped="0">
  <testcase classname="testNG.demo1" name="test2" time="0.001"/>
  <system-out/>
  <testcase classname="testNG.demo1" name="test3" time="0.002"/>
  <system-out/>
</testsuite> <!-- testNG.demo1 -->
